G:\TFQuake\source\Win32\Release\cl.command.1.tlog
G:\TFQuake\source\Win32\Release\CL.read.1.tlog
G:\TFQuake\source\Win32\Release\CL.write.1.tlog
G:\TFQUAKE\SOURCE\WIN32\RELEASE\IDLIB.LIB
G:\TFQUAKE\SOURCE\WIN32\RELEASE\IDLIB.PDB
G:\TFQuake\source\Win32\Release\idlib.write.1.tlog
G:\TFQUAKE\SOURCE\WIN32\RELEASE\IDLIB\ANGLES.OBJ
G:\TFQUAKE\SOURCE\WIN32\RELEASE\IDLIB\BASE64.OBJ
G:\TFQUAKE\SOURCE\WIN32\RELEASE\IDLIB\BITMSG.OBJ
G:\TFQUAKE\SOURCE\WIN32\RELEASE\IDLIB\BOUNDS.OBJ
G:\TFQUAKE\SOURCE\WIN32\RELEASE\IDLIB\BOX.OBJ
G:\TFQUAKE\SOURCE\WIN32\RELEASE\IDLIB\CMDARGS.OBJ
G:\TFQUAKE\SOURCE\WIN32\RELEASE\IDLIB\COMPLEX.OBJ
G:\TFQUAKE\SOURCE\WIN32\RELEASE\IDLIB\CRC16.OBJ
G:\TFQUAKE\SOURCE\WIN32\RELEASE\IDLIB\CRC32.OBJ
G:\TFQUAKE\SOURCE\WIN32\RELEASE\IDLIB\CRC8.OBJ
G:\TFQUAKE\SOURCE\WIN32\RELEASE\IDLIB\DICT.OBJ
G:\TFQUAKE\SOURCE\WIN32\RELEASE\IDLIB\FFT.OBJ
G:\TFQUAKE\SOURCE\WIN32\RELEASE\IDLIB\FRUSTUM.OBJ
G:\TFQUAKE\SOURCE\WIN32\RELEASE\IDLIB\HASHINDEX.OBJ
G:\TFQUAKE\SOURCE\WIN32\RELEASE\IDLIB\HEAP.OBJ
G:\TFQUAKE\SOURCE\WIN32\RELEASE\IDLIB\HONEYMAN.OBJ
G:\TFQUAKE\SOURCE\WIN32\RELEASE\IDLIB\IDLIB.PCH
G:\TFQUAKE\SOURCE\WIN32\RELEASE\IDLIB\JOINTTRANSFORM.OBJ
G:\TFQUAKE\SOURCE\WIN32\RELEASE\IDLIB\LANGDICT.OBJ
G:\TFQUAKE\SOURCE\WIN32\RELEASE\IDLIB\LCP.OBJ
G:\TFQUAKE\SOURCE\WIN32\RELEASE\IDLIB\LEXER.OBJ
G:\TFQUAKE\SOURCE\WIN32\RELEASE\IDLIB\LEXERFACTORY.OBJ
G:\TFQUAKE\SOURCE\WIN32\RELEASE\IDLIB\LIB.OBJ
G:\TFQUAKE\SOURCE\WIN32\RELEASE\IDLIB\MAPFILE.OBJ
G:\TFQUAKE\SOURCE\WIN32\RELEASE\IDLIB\MATH.OBJ
G:\TFQUAKE\SOURCE\WIN32\RELEASE\IDLIB\MATRIX.OBJ
G:\TFQUAKE\SOURCE\WIN32\RELEASE\IDLIB\MD4.OBJ
G:\TFQUAKE\SOURCE\WIN32\RELEASE\IDLIB\MD5.OBJ
G:\TFQUAKE\SOURCE\WIN32\RELEASE\IDLIB\ODE.OBJ
G:\TFQUAKE\SOURCE\WIN32\RELEASE\IDLIB\PARSER.OBJ
G:\TFQUAKE\SOURCE\WIN32\RELEASE\IDLIB\PLANE.OBJ
G:\TFQUAKE\SOURCE\WIN32\RELEASE\IDLIB\PLUECKER.OBJ
G:\TFQUAKE\SOURCE\WIN32\RELEASE\IDLIB\POLYNOMIAL.OBJ
G:\TFQUAKE\SOURCE\WIN32\RELEASE\IDLIB\QUAT.OBJ
G:\TFQUAKE\SOURCE\WIN32\RELEASE\IDLIB\RADIANS.OBJ
G:\TFQUAKE\SOURCE\WIN32\RELEASE\IDLIB\ROTATION.OBJ
G:\TFQUAKE\SOURCE\WIN32\RELEASE\IDLIB\RVHEAP.OBJ
G:\TFQUAKE\SOURCE\WIN32\RELEASE\IDLIB\RVHEAPARENA.OBJ
G:\TFQUAKE\SOURCE\WIN32\RELEASE\IDLIB\RVMEMSYS.OBJ
G:\TFQUAKE\SOURCE\WIN32\RELEASE\IDLIB\SIMD.OBJ
G:\TFQUAKE\SOURCE\WIN32\RELEASE\IDLIB\SIMD_3DNOW.OBJ
G:\TFQUAKE\SOURCE\WIN32\RELEASE\IDLIB\SIMD_GENERIC.OBJ
G:\TFQUAKE\SOURCE\WIN32\RELEASE\IDLIB\SIMD_MMX.OBJ
G:\TFQUAKE\SOURCE\WIN32\RELEASE\IDLIB\SIMD_SSE.OBJ
G:\TFQUAKE\SOURCE\WIN32\RELEASE\IDLIB\SIMD_SSE2.OBJ
G:\TFQUAKE\SOURCE\WIN32\RELEASE\IDLIB\SIMD_SSE3.OBJ
G:\TFQUAKE\SOURCE\WIN32\RELEASE\IDLIB\SPHERE.OBJ
G:\TFQUAKE\SOURCE\WIN32\RELEASE\IDLIB\STR.OBJ
G:\TFQUAKE\SOURCE\WIN32\RELEASE\IDLIB\SURFACE.OBJ
G:\TFQUAKE\SOURCE\WIN32\RELEASE\IDLIB\SURFACE_PATCH.OBJ
G:\TFQUAKE\SOURCE\WIN32\RELEASE\IDLIB\SURFACE_POLYTOPE.OBJ
G:\TFQUAKE\SOURCE\WIN32\RELEASE\IDLIB\SURFACE_SWEPTSPLINE.OBJ
G:\TFQUAKE\SOURCE\WIN32\RELEASE\IDLIB\TEXTCOMPILER.OBJ
G:\TFQUAKE\SOURCE\WIN32\RELEASE\IDLIB\TIMER.OBJ
G:\TFQUAKE\SOURCE\WIN32\RELEASE\IDLIB\TIMINGCOLLECTION.OBJ
G:\TFQUAKE\SOURCE\WIN32\RELEASE\IDLIB\TOKEN.OBJ
G:\TFQUAKE\SOURCE\WIN32\RELEASE\IDLIB\TRACEMODEL.OBJ
G:\TFQUAKE\SOURCE\WIN32\RELEASE\IDLIB\VECTOR.OBJ
G:\TFQUAKE\SOURCE\WIN32\RELEASE\IDLIB\WINDING.OBJ
G:\TFQUAKE\SOURCE\WIN32\RELEASE\IDLIB\WINDING2D.OBJ
G:\TFQuake\source\Win32\Release\lib.command.1.tlog
G:\TFQuake\source\Win32\Release\Lib-link.read.1.tlog
G:\TFQuake\source\Win32\Release\Lib-link.write.1.tlog
G:\TFQuake\source\Win32\Release\link.command.1.tlog
G:\TFQuake\source\Win32\Release\link.read.1.tlog
G:\TFQuake\source\Win32\Release\link.write.1.tlog
G:\TFQuake\source\Win32\Release\mpgame.write.1.tlog
G:\TFQUAKE\SOURCE\WIN32\RELEASE\MPGAME\AAS.OBJ
G:\TFQUAKE\SOURCE\WIN32\RELEASE\MPGAME\AAS_DEBUG.OBJ
G:\TFQUAKE\SOURCE\WIN32\RELEASE\MPGAME\AAS_FIND.OBJ
G:\TFQUAKE\SOURCE\WIN32\RELEASE\MPGAME\AAS_PATHING.OBJ
G:\TFQUAKE\SOURCE\WIN32\RELEASE\MPGAME\AAS_ROUTING.OBJ
G:\TFQUAKE\SOURCE\WIN32\RELEASE\MPGAME\AAS_TACTICAL.OBJ
G:\TFQUAKE\SOURCE\WIN32\RELEASE\MPGAME\ACTOR.OBJ
G:\TFQUAKE\SOURCE\WIN32\RELEASE\MPGAME\AF.OBJ
G:\TFQUAKE\SOURCE\WIN32\RELEASE\MPGAME\AFENTITY.OBJ
G:\TFQUAKE\SOURCE\WIN32\RELEASE\MPGAME\AI.OBJ
G:\TFQUAKE\SOURCE\WIN32\RELEASE\MPGAME\AI_ACTIONS.OBJ
G:\TFQUAKE\SOURCE\WIN32\RELEASE\MPGAME\AI_ANNOUNCEMENTS.OBJ
G:\TFQUAKE\SOURCE\WIN32\RELEASE\MPGAME\AI_DEBUG.OBJ
G:\TFQUAKE\SOURCE\WIN32\RELEASE\MPGAME\AI_EVENTS.OBJ
G:\TFQUAKE\SOURCE\WIN32\RELEASE\MPGAME\AI_MANAGER.OBJ
G:\TFQUAKE\SOURCE\WIN32\RELEASE\MPGAME\AI_MEDIC.OBJ
G:\TFQUAKE\SOURCE\WIN32\RELEASE\MPGAME\AI_MOVE.OBJ
G:\TFQUAKE\SOURCE\WIN32\RELEASE\MPGAME\AI_PATHING.OBJ
G:\TFQUAKE\SOURCE\WIN32\RELEASE\MPGAME\AI_STATES.OBJ
G:\TFQUAKE\SOURCE\WIN32\RELEASE\MPGAME\AI_TACTICAL.OBJ
G:\TFQUAKE\SOURCE\WIN32\RELEASE\MPGAME\AI_UTIL.OBJ
G:\TFQUAKE\SOURCE\WIN32\RELEASE\MPGAME\ANIM.OBJ
G:\TFQUAKE\SOURCE\WIN32\RELEASE\MPGAME\ANIM_BLEND.OBJ
G:\TFQUAKE\SOURCE\WIN32\RELEASE\MPGAME\ANIM_IMPORT.OBJ
G:\TFQUAKE\SOURCE\WIN32\RELEASE\MPGAME\ANIM_TESTMODEL.OBJ
G:\TFQUAKE\SOURCE\WIN32\RELEASE\MPGAME\BRITTLEFRACTURE.OBJ
G:\TFQUAKE\SOURCE\WIN32\RELEASE\MPGAME\BUYING.OBJ
G:\TFQUAKE\SOURCE\WIN32\RELEASE\MPGAME\CAMERA.OBJ
G:\TFQUAKE\SOURCE\WIN32\RELEASE\MPGAME\CLASS.OBJ
G:\TFQUAKE\SOURCE\WIN32\RELEASE\MPGAME\CLIENTAFENTITY.OBJ
G:\TFQUAKE\SOURCE\WIN32\RELEASE\MPGAME\CLIENTEFFECT.OBJ
G:\TFQUAKE\SOURCE\WIN32\RELEASE\MPGAME\CLIENTENTITY.OBJ
G:\TFQUAKE\SOURCE\WIN32\RELEASE\MPGAME\CLIENTMODEL.OBJ
G:\TFQUAKE\SOURCE\WIN32\RELEASE\MPGAME\CLIENTMOVEABLE.OBJ
G:\TFQUAKE\SOURCE\WIN32\RELEASE\MPGAME\CLIP.OBJ
G:\TFQUAKE\SOURCE\WIN32\RELEASE\MPGAME\CTF.OBJ
G:\TFQUAKE\SOURCE\WIN32\RELEASE\MPGAME\DEBUGGRAPH.OBJ
G:\TFQUAKE\SOURCE\WIN32\RELEASE\MPGAME\EFFECT.OBJ
G:\TFQUAKE\SOURCE\WIN32\RELEASE\MPGAME\ENTITY.OBJ
G:\TFQUAKE\SOURCE\WIN32\RELEASE\MPGAME\EVENT.OBJ
G:\TFQUAKE\SOURCE\WIN32\RELEASE\MPGAME\FORCE.OBJ
G:\TFQUAKE\SOURCE\WIN32\RELEASE\MPGAME\FORCE_CONSTANT.OBJ
G:\TFQUAKE\SOURCE\WIN32\RELEASE\MPGAME\FORCE_DRAG.OBJ
G:\TFQUAKE\SOURCE\WIN32\RELEASE\MPGAME\FORCE_FIELD.OBJ
G:\TFQUAKE\SOURCE\WIN32\RELEASE\MPGAME\FORCE_SPRING.OBJ
G:\TFQUAKE\SOURCE\WIN32\RELEASE\MPGAME\GAME_DEBUG.OBJ
G:\TFQUAKE\SOURCE\WIN32\RELEASE\MPGAME\GAME_LOCAL.OBJ
G:\TFQUAKE\SOURCE\WIN32\RELEASE\MPGAME\GAME_LOG.OBJ
G:\TFQUAKE\SOURCE\WIN32\RELEASE\MPGAME\GAME_NETWORK.OBJ
G:\TFQUAKE\SOURCE\WIN32\RELEASE\MPGAME\GAMEEDIT.OBJ
G:\TFQUAKE\SOURCE\WIN32\RELEASE\MPGAME\GAMESTATE.OBJ
G:\TFQUAKE\SOURCE\WIN32\RELEASE\MPGAME\HEALING_STATION.OBJ
G:\TFQUAKE\SOURCE\WIN32\RELEASE\MPGAME\ICON.OBJ
G:\TFQUAKE\SOURCE\WIN32\RELEASE\MPGAME\ICONMANAGER.OBJ
G:\TFQUAKE\SOURCE\WIN32\RELEASE\MPGAME\IK.OBJ
G:\TFQUAKE\SOURCE\WIN32\RELEASE\MPGAME\INSTANCE.OBJ
G:\TFQUAKE\SOURCE\WIN32\RELEASE\MPGAME\ITEM.OBJ
G:\TFQUAKE\SOURCE\WIN32\RELEASE\MPGAME\LAGOMETER.OBJ
G:\TFQUAKE\SOURCE\WIN32\RELEASE\MPGAME\LIGHT.OBJ
G:\TFQUAKE\SOURCE\WIN32\RELEASE\MPGAME\LIPSYNC.OBJ
G:\TFQUAKE\SOURCE\WIN32\RELEASE\MPGAME\MISC.OBJ
G:\TFQUAKE\SOURCE\WIN32\RELEASE\MPGAME\MONSTER_BERSERKER.OBJ
G:\TFQUAKE\SOURCE\WIN32\RELEASE\MPGAME\MONSTER_BOSSBUDDY.OBJ
G:\TFQUAKE\SOURCE\WIN32\RELEASE\MPGAME\MONSTER_BOSSMAKRON.OBJ
G:\TFQUAKE\SOURCE\WIN32\RELEASE\MPGAME\MONSTER_CONVOYGROUND.OBJ
G:\TFQUAKE\SOURCE\WIN32\RELEASE\MPGAME\MONSTER_CONVOYHOVER.OBJ
G:\TFQUAKE\SOURCE\WIN32\RELEASE\MPGAME\MONSTER_FAILEDTRANSFER.OBJ
G:\TFQUAKE\SOURCE\WIN32\RELEASE\MPGAME\MONSTER_FATTY.OBJ
G:\TFQUAKE\SOURCE\WIN32\RELEASE\MPGAME\MONSTER_GLADIATOR.OBJ
G:\TFQUAKE\SOURCE\WIN32\RELEASE\MPGAME\MONSTER_GRUNT.OBJ
G:\TFQUAKE\SOURCE\WIN32\RELEASE\MPGAME\MONSTER_GUNNER.OBJ
G:\TFQUAKE\SOURCE\WIN32\RELEASE\MPGAME\MONSTER_HARVESTER.OBJ
G:\TFQUAKE\SOURCE\WIN32\RELEASE\MPGAME\MONSTER_HARVESTERDISPERSAL.OBJ
G:\TFQUAKE\SOURCE\WIN32\RELEASE\MPGAME\MONSTER_HEAVYHOVERTANK.OBJ
G:\TFQUAKE\SOURCE\WIN32\RELEASE\MPGAME\MONSTER_IRONMAIDEN.OBJ
G:\TFQUAKE\SOURCE\WIN32\RELEASE\MPGAME\MONSTER_LIGHTTANK.OBJ
G:\TFQUAKE\SOURCE\WIN32\RELEASE\MPGAME\MONSTER_NETWORKGUARDIAN.OBJ
G:\TFQUAKE\SOURCE\WIN32\RELEASE\MPGAME\MONSTER_REPAIRBOT.OBJ
G:\TFQUAKE\SOURCE\WIN32\RELEASE\MPGAME\MONSTER_SCIENTIST.OBJ
G:\TFQUAKE\SOURCE\WIN32\RELEASE\MPGAME\MONSTER_SENTRY.OBJ
G:\TFQUAKE\SOURCE\WIN32\RELEASE\MPGAME\MONSTER_SLIMYTRANSFER.OBJ
G:\TFQUAKE\SOURCE\WIN32\RELEASE\MPGAME\MONSTER_STREAMPROTECTOR.OBJ
G:\TFQUAKE\SOURCE\WIN32\RELEASE\MPGAME\MONSTER_STROGGFLYER.OBJ
G:\TFQUAKE\SOURCE\WIN32\RELEASE\MPGAME\MONSTER_STROGGHOVER.OBJ
G:\TFQUAKE\SOURCE\WIN32\RELEASE\MPGAME\MONSTER_STROGGMARINE.OBJ
G:\TFQUAKE\SOURCE\WIN32\RELEASE\MPGAME\MONSTER_TELEPORTDROPPER.OBJ
G:\TFQUAKE\SOURCE\WIN32\RELEASE\MPGAME\MONSTER_TURRET.OBJ
G:\TFQUAKE\SOURCE\WIN32\RELEASE\MPGAME\MONSTER_TURRETFLYING.OBJ
G:\TFQUAKE\SOURCE\WIN32\RELEASE\MPGAME\MOVEABLE.OBJ
G:\TFQUAKE\SOURCE\WIN32\RELEASE\MPGAME\MOVER.OBJ
G:\TFQUAKE\SOURCE\WIN32\RELEASE\MPGAME\MPGAME.PCH
G:\TFQUAKE\SOURCE\WIN32\RELEASE\MPGAME\MULTIPLAYERGAME.OBJ
G:\TFQUAKE\SOURCE\WIN32\RELEASE\MPGAME\PHYSICS.OBJ
G:\TFQUAKE\SOURCE\WIN32\RELEASE\MPGAME\PHYSICS_ACTOR.OBJ
G:\TFQUAKE\SOURCE\WIN32\RELEASE\MPGAME\PHYSICS_AF.OBJ
G:\TFQUAKE\SOURCE\WIN32\RELEASE\MPGAME\PHYSICS_BASE.OBJ
G:\TFQUAKE\SOURCE\WIN32\RELEASE\MPGAME\PHYSICS_MONSTER.OBJ
G:\TFQUAKE\SOURCE\WIN32\RELEASE\MPGAME\PHYSICS_PARAMETRIC.OBJ
G:\TFQUAKE\SOURCE\WIN32\RELEASE\MPGAME\PHYSICS_PARTICLE.OBJ
G:\TFQUAKE\SOURCE\WIN32\RELEASE\MPGAME\PHYSICS_PLAYER.OBJ
G:\TFQUAKE\SOURCE\WIN32\RELEASE\MPGAME\PHYSICS_RIGIDBODY.OBJ
G:\TFQUAKE\SOURCE\WIN32\RELEASE\MPGAME\PHYSICS_STATIC.OBJ
G:\TFQUAKE\SOURCE\WIN32\RELEASE\MPGAME\PHYSICS_STATICMULTI.OBJ
G:\TFQUAKE\SOURCE\WIN32\RELEASE\MPGAME\PHYSICS_VEHICLEMONSTER.OBJ
G:\TFQUAKE\SOURCE\WIN32\RELEASE\MPGAME\PLAYBACK.OBJ
G:\TFQUAKE\SOURCE\WIN32\RELEASE\MPGAME\PLAYER.OBJ
G:\TFQUAKE\SOURCE\WIN32\RELEASE\MPGAME\PLAYER_CHEATS.OBJ
G:\TFQUAKE\SOURCE\WIN32\RELEASE\MPGAME\PLAYER_STATES.OBJ
G:\TFQUAKE\SOURCE\WIN32\RELEASE\MPGAME\PLAYERVIEW.OBJ
G:\TFQUAKE\SOURCE\WIN32\RELEASE\MPGAME\PROJECTILE.OBJ
G:\TFQUAKE\SOURCE\WIN32\RELEASE\MPGAME\PUSH.OBJ
G:\TFQUAKE\SOURCE\WIN32\RELEASE\MPGAME\PVS.OBJ
G:\TFQUAKE\SOURCE\WIN32\RELEASE\MPGAME\SAVEGAME.OBJ
G:\TFQUAKE\SOURCE\WIN32\RELEASE\MPGAME\SCRIPT_COMPILER.OBJ
G:\TFQUAKE\SOURCE\WIN32\RELEASE\MPGAME\SCRIPT_INTERPRETER.OBJ
G:\TFQUAKE\SOURCE\WIN32\RELEASE\MPGAME\SCRIPT_PROGRAM.OBJ
G:\TFQUAKE\SOURCE\WIN32\RELEASE\MPGAME\SCRIPT_THREAD.OBJ
G:\TFQUAKE\SOURCE\WIN32\RELEASE\MPGAME\SCRIPTFUNCUTILITY.OBJ
G:\TFQUAKE\SOURCE\WIN32\RELEASE\MPGAME\SECURITYCAMERA.OBJ
G:\TFQUAKE\SOURCE\WIN32\RELEASE\MPGAME\SOUND.OBJ
G:\TFQUAKE\SOURCE\WIN32\RELEASE\MPGAME\SPAWNER.OBJ
G:\TFQUAKE\SOURCE\WIN32\RELEASE\MPGAME\SPLINEMOVER.OBJ
G:\TFQUAKE\SOURCE\WIN32\RELEASE\MPGAME\STATE.OBJ
G:\TFQUAKE\SOURCE\WIN32\RELEASE\MPGAME\STATEVENT.OBJ
G:\TFQUAKE\SOURCE\WIN32\RELEASE\MPGAME\STATMANAGER.OBJ
G:\TFQUAKE\SOURCE\WIN32\RELEASE\MPGAME\STATWINDOW.OBJ
G:\TFQUAKE\SOURCE\WIN32\RELEASE\MPGAME\SYSCMDS.OBJ
G:\TFQUAKE\SOURCE\WIN32\RELEASE\MPGAME\SYSCVAR.OBJ
G:\TFQUAKE\SOURCE\WIN32\RELEASE\MPGAME\TARGET.OBJ
G:\TFQUAKE\SOURCE\WIN32\RELEASE\MPGAME\TOURNEY.OBJ
G:\TFQUAKE\SOURCE\WIN32\RELEASE\MPGAME\TRAMGATE.OBJ
G:\TFQUAKE\SOURCE\WIN32\RELEASE\MPGAME\TRIGGER.OBJ
G:\TFQUAKE\SOURCE\WIN32\RELEASE\MPGAME\VEHICLE.OBJ
G:\TFQUAKE\SOURCE\WIN32\RELEASE\MPGAME\VEHICLE_DROPPOD.OBJ
G:\TFQUAKE\SOURCE\WIN32\RELEASE\MPGAME\VEHICLE_WALKER.OBJ
G:\TFQUAKE\SOURCE\WIN32\RELEASE\MPGAME\VEHICLEAI.OBJ
G:\TFQUAKE\SOURCE\WIN32\RELEASE\MPGAME\VEHICLEANIMATED.OBJ
G:\TFQUAKE\SOURCE\WIN32\RELEASE\MPGAME\VEHICLECONTROLLER.OBJ
G:\TFQUAKE\SOURCE\WIN32\RELEASE\MPGAME\VEHICLEDRIVER.OBJ
G:\TFQUAKE\SOURCE\WIN32\RELEASE\MPGAME\VEHICLEMONSTER.OBJ
G:\TFQUAKE\SOURCE\WIN32\RELEASE\MPGAME\VEHICLEPARTS.OBJ
G:\TFQUAKE\SOURCE\WIN32\RELEASE\MPGAME\VEHICLEPOSITION.OBJ
G:\TFQUAKE\SOURCE\WIN32\RELEASE\MPGAME\VEHICLERIGID.OBJ
G:\TFQUAKE\SOURCE\WIN32\RELEASE\MPGAME\VEHICLESPLINE.OBJ
G:\TFQUAKE\SOURCE\WIN32\RELEASE\MPGAME\VEHICLESTATIC.OBJ
G:\TFQUAKE\SOURCE\WIN32\RELEASE\MPGAME\VOICECOMMS.OBJ
G:\TFQUAKE\SOURCE\WIN32\RELEASE\MPGAME\WEAPON.OBJ
G:\TFQUAKE\SOURCE\WIN32\RELEASE\MPGAME\WEAPONBLASTER.OBJ
G:\TFQUAKE\SOURCE\WIN32\RELEASE\MPGAME\WEAPONDARKMATTERGUN.OBJ
G:\TFQUAKE\SOURCE\WIN32\RELEASE\MPGAME\WEAPONGAUNTLET.OBJ
G:\TFQUAKE\SOURCE\WIN32\RELEASE\MPGAME\WEAPONGRENADELAUNCHER.OBJ
G:\TFQUAKE\SOURCE\WIN32\RELEASE\MPGAME\WEAPONHYPERBLASTER.OBJ
G:\TFQUAKE\SOURCE\WIN32\RELEASE\MPGAME\WEAPONLIGHTNINGGUN.OBJ
G:\TFQUAKE\SOURCE\WIN32\RELEASE\MPGAME\WEAPONMACHINEGUN.OBJ
G:\TFQUAKE\SOURCE\WIN32\RELEASE\MPGAME\WEAPONNAILGUN.OBJ
G:\TFQUAKE\SOURCE\WIN32\RELEASE\MPGAME\WEAPONNAPALMGUN.OBJ
G:\TFQUAKE\SOURCE\WIN32\RELEASE\MPGAME\WEAPONRAILGUN.OBJ
G:\TFQUAKE\SOURCE\WIN32\RELEASE\MPGAME\WEAPONROCKETLAUNCHER.OBJ
G:\TFQUAKE\SOURCE\WIN32\RELEASE\MPGAME\WEAPONSHOTGUN.OBJ
G:\TFQUAKE\SOURCE\WIN32\RELEASE\MPGAME\WORLDSPAWN.OBJ
G:\TFQUAKE\SOURCE\WIN32\RELEASE\MPGAMEX86.DLL
G:\TFQUAKE\SOURCE\WIN32\RELEASE\MPGAMEX86.DLL.INTERMEDIATE.MANIFEST
G:\TFQuake\source\Win32\Release\mpgamex86.exp
G:\TFQuake\source\Win32\Release\mpgamex86.lib
G:\TFQUAKE\SOURCE\WIN32\RELEASE\MPGAMEX86.MAP
G:\TFQUAKE\SOURCE\WIN32\RELEASE\MPGAMEX86.PDB
G:\TFQuake\source\Win32\Release\mt.command.1.tlog
G:\TFQuake\source\Win32\Release\mt.read.1.tlog
G:\TFQuake\source\Win32\Release\mt.write.1.tlog
Win32\Release\idlib.pdb
