G:\TFQuake\source\Win32\Release\cl.command.1.tlog
G:\TFQuake\source\Win32\Release\CL.read.1.tlog
G:\TFQuake\source\Win32\Release\CL.write.1.tlog
G:\TFQUAKE\SOURCE\WIN32\RELEASE\IDLIB.LIB
G:\TFQUAKE\SOURCE\WIN32\RELEASE\IDLIB.PDB
G:\TFQuake\source\Win32\Release\idlib.vcxprojResolveAssemblyReference.cache
G:\TFQuake\source\Win32\Release\idlib.write.1.tlog
G:\TFQUAKE\SOURCE\WIN32\RELEASE\IDLIB\ANGLES.OBJ
G:\TFQUAKE\SOURCE\WIN32\RELEASE\IDLIB\BASE64.OBJ
G:\TFQUAKE\SOURCE\WIN32\RELEASE\IDLIB\BITMSG.OBJ
G:\TFQUAKE\SOURCE\WIN32\RELEASE\IDLIB\BOUNDS.OBJ
G:\TFQUAKE\SOURCE\WIN32\RELEASE\IDLIB\BOX.OBJ
G:\TFQUAKE\SOURCE\WIN32\RELEASE\IDLIB\CMDARGS.OBJ
G:\TFQUAKE\SOURCE\WIN32\RELEASE\IDLIB\COMPLEX.OBJ
G:\TFQUAKE\SOURCE\WIN32\RELEASE\IDLIB\CRC16.OBJ
G:\TFQUAKE\SOURCE\WIN32\RELEASE\IDLIB\CRC32.OBJ
G:\TFQUAKE\SOURCE\WIN32\RELEASE\IDLIB\CRC8.OBJ
G:\TFQUAKE\SOURCE\WIN32\RELEASE\IDLIB\DICT.OBJ
G:\TFQUAKE\SOURCE\WIN32\RELEASE\IDLIB\FFT.OBJ
G:\TFQUAKE\SOURCE\WIN32\RELEASE\IDLIB\FRUSTUM.OBJ
G:\TFQUAKE\SOURCE\WIN32\RELEASE\IDLIB\HASHINDEX.OBJ
G:\TFQUAKE\SOURCE\WIN32\RELEASE\IDLIB\HEAP.OBJ
G:\TFQUAKE\SOURCE\WIN32\RELEASE\IDLIB\HONEYMAN.OBJ
G:\TFQUAKE\SOURCE\WIN32\RELEASE\IDLIB\IDLIB.PCH
G:\TFQUAKE\SOURCE\WIN32\RELEASE\IDLIB\JOINTTRANSFORM.OBJ
G:\TFQUAKE\SOURCE\WIN32\RELEASE\IDLIB\LANGDICT.OBJ
G:\TFQUAKE\SOURCE\WIN32\RELEASE\IDLIB\LCP.OBJ
G:\TFQUAKE\SOURCE\WIN32\RELEASE\IDLIB\LEXER.OBJ
G:\TFQUAKE\SOURCE\WIN32\RELEASE\IDLIB\LEXERFACTORY.OBJ
G:\TFQUAKE\SOURCE\WIN32\RELEASE\IDLIB\LIB.OBJ
G:\TFQUAKE\SOURCE\WIN32\RELEASE\IDLIB\MAPFILE.OBJ
G:\TFQUAKE\SOURCE\WIN32\RELEASE\IDLIB\MATH.OBJ
G:\TFQUAKE\SOURCE\WIN32\RELEASE\IDLIB\MATRIX.OBJ
G:\TFQUAKE\SOURCE\WIN32\RELEASE\IDLIB\MD4.OBJ
G:\TFQUAKE\SOURCE\WIN32\RELEASE\IDLIB\MD5.OBJ
G:\TFQUAKE\SOURCE\WIN32\RELEASE\IDLIB\ODE.OBJ
G:\TFQUAKE\SOURCE\WIN32\RELEASE\IDLIB\PARSER.OBJ
G:\TFQUAKE\SOURCE\WIN32\RELEASE\IDLIB\PLANE.OBJ
G:\TFQUAKE\SOURCE\WIN32\RELEASE\IDLIB\PLUECKER.OBJ
G:\TFQUAKE\SOURCE\WIN32\RELEASE\IDLIB\POLYNOMIAL.OBJ
G:\TFQUAKE\SOURCE\WIN32\RELEASE\IDLIB\QUAT.OBJ
G:\TFQUAKE\SOURCE\WIN32\RELEASE\IDLIB\RADIANS.OBJ
G:\TFQUAKE\SOURCE\WIN32\RELEASE\IDLIB\ROTATION.OBJ
G:\TFQUAKE\SOURCE\WIN32\RELEASE\IDLIB\RVHEAP.OBJ
G:\TFQUAKE\SOURCE\WIN32\RELEASE\IDLIB\RVHEAPARENA.OBJ
G:\TFQUAKE\SOURCE\WIN32\RELEASE\IDLIB\RVMEMSYS.OBJ
G:\TFQUAKE\SOURCE\WIN32\RELEASE\IDLIB\SIMD.OBJ
G:\TFQUAKE\SOURCE\WIN32\RELEASE\IDLIB\SIMD_3DNOW.OBJ
G:\TFQUAKE\SOURCE\WIN32\RELEASE\IDLIB\SIMD_GENERIC.OBJ
G:\TFQUAKE\SOURCE\WIN32\RELEASE\IDLIB\SIMD_MMX.OBJ
G:\TFQUAKE\SOURCE\WIN32\RELEASE\IDLIB\SIMD_SSE.OBJ
G:\TFQUAKE\SOURCE\WIN32\RELEASE\IDLIB\SIMD_SSE2.OBJ
G:\TFQUAKE\SOURCE\WIN32\RELEASE\IDLIB\SIMD_SSE3.OBJ
G:\TFQUAKE\SOURCE\WIN32\RELEASE\IDLIB\SPHERE.OBJ
G:\TFQUAKE\SOURCE\WIN32\RELEASE\IDLIB\STR.OBJ
G:\TFQUAKE\SOURCE\WIN32\RELEASE\IDLIB\SURFACE.OBJ
G:\TFQUAKE\SOURCE\WIN32\RELEASE\IDLIB\SURFACE_PATCH.OBJ
G:\TFQUAKE\SOURCE\WIN32\RELEASE\IDLIB\SURFACE_POLYTOPE.OBJ
G:\TFQUAKE\SOURCE\WIN32\RELEASE\IDLIB\SURFACE_SWEPTSPLINE.OBJ
G:\TFQUAKE\SOURCE\WIN32\RELEASE\IDLIB\TEXTCOMPILER.OBJ
G:\TFQUAKE\SOURCE\WIN32\RELEASE\IDLIB\TIMER.OBJ
G:\TFQUAKE\SOURCE\WIN32\RELEASE\IDLIB\TIMINGCOLLECTION.OBJ
G:\TFQUAKE\SOURCE\WIN32\RELEASE\IDLIB\TOKEN.OBJ
G:\TFQUAKE\SOURCE\WIN32\RELEASE\IDLIB\TRACEMODEL.OBJ
G:\TFQUAKE\SOURCE\WIN32\RELEASE\IDLIB\VECTOR.OBJ
G:\TFQUAKE\SOURCE\WIN32\RELEASE\IDLIB\WINDING.OBJ
G:\TFQUAKE\SOURCE\WIN32\RELEASE\IDLIB\WINDING2D.OBJ
G:\TFQuake\source\Win32\Release\lib.command.1.tlog
G:\TFQuake\source\Win32\Release\Lib-link.read.1.tlog
G:\TFQuake\source\Win32\Release\Lib-link.write.1.tlog
