Build started 10/27/2016 2:20:59 AM.
     1>Project "G:\TFQuake\source\mpgame.vcxproj" on node 2 (rebuild target(s)).
     1>_PrepareForClean:
         Deleting file "Win32\Release\mpgame.lastbuildstate".
       InitializeBuildStatus:
         Touching "Win32\Release\mpgame.unsuccessfulbuild".
       ClCompile:
         C:\Program Files (x86)\Microsoft Visual Studio 10.0\VC\bin\CL.exe /c /Zi /nologo /W4 /WX- /Ox /Ob1 /Oi /Oy- /D NDEBUG /D _WINDOWS /D _FINAL /D GAME_DLL /D _CRT_SECURE_NO_WARNINGS /D GAME_MPAPI /D Q4SDK /D _WINDLL /D _MBCS /GF /Gm- /EHsc /MT /GS- /Gy- /fp:precise /Zc:wchar_t /Zc:forScope /GR /Yc /Fp"Win32\Release\mpgame/mpgame.pch" /Fo"Win32\Release\mpgame/" /Fd"Win32\Release\mpgamex86.pdb" /Gd /TP /analyze- /errorReport:prompt mpgame\AF.cpp
         AF.cpp
         C:\Program Files (x86)\Microsoft Visual Studio 10.0\VC\bin\CL.exe /c /Zi /nologo /W4 /WX- /Ox /Ob1 /Oi /Oy- /D NDEBUG /D _WINDOWS /D _FINAL /D GAME_DLL /D _CRT_SECURE_NO_WARNINGS /D GAME_MPAPI /D Q4SDK /D _WINDLL /D _MBCS /GF /Gm- /EHsc /MT /GS- /Gy- /fp:precise /Zc:wchar_t /Zc:forScope /GR /Fo"Win32\Release\mpgame/" /Fd"Win32\Release\mpgamex86.pdb" /Gd /TP /analyze- /errorReport:prompt mpgame\Actor.cpp mpgame\AFEntity.cpp mpgame\BrittleFracture.cpp mpgame\Camera.cpp mpgame\Effect.cpp mpgame\Entity.cpp mpgame\Game_Debug.cpp mpgame\Game_local.cpp mpgame\Game_Log.cpp mpgame\Game_network.cpp mpgame\GameEdit.cpp mpgame\Healing_Station.cpp mpgame\Icon.cpp mpgame\IconManager.cpp mpgame\IK.cpp mpgame\Instance.cpp mpgame\Item.cpp mpgame\Light.cpp mpgame\LipSync.cpp mpgame\Misc.cpp mpgame\Moveable.cpp mpgame\Mover.cpp mpgame\MultiplayerGame.cpp mpgame\Playback.cpp mpgame\Player_Cheats.cpp mpgame\Projectile.cpp mpgame\Pvs.cpp mpgame\SecurityCamera.cpp mpgame\Sound.cpp mpgame\SplineMover.cpp mpgame\Target.cpp mpgame\TFQuake\Gameplay\TFCapturePoint.cpp mpgame\TFQuake\Gameplay\TFQuakeUtils.cpp mpgame\TFQuake\Player\TFPlayer.cpp mpgame\TFQuake\Weapons\TFDemoGrenadeLauncher.cpp mpgame\TFQuake\Weapons\TFHeavyKGB.cpp mpgame\TFQuake\Weapons\TFHeavyMinigun.cpp mpgame\TFQuake\Weapons\TFMedicMedigun.cpp mpgame\TFQuake\Weapons\TFPyroFlamethrower.cpp mpgame\TFQuake\Weapons\TFScoutPistol.cpp mpgame\TFQuake\Weapons\TFScoutShotgun.cpp mpgame\TFQuake\Weapons\TFSniperRifle.cpp mpgame\TFQuake\Weapons\TFSniperSMG.cpp mpgame\TFQuake\Weapons\TFSoldierRocketLauncher.cpp mpgame\TramGate.cpp mpgame\Trigger.cpp mpgame\WorldSpawn.cpp mpgame\Lagometer.cpp mpgame\ai\AAS.cpp mpgame\ai\AAS_debug.cpp mpgame\ai\AAS_Find.cpp mpgame\ai\AAS_pathing.cpp mpgame\ai\AAS_routing.cpp mpgame\ai\AAS_tactical.cpp mpgame\ai\AI.cpp mpgame\ai\AI_Actions.cpp mpgame\ai\AI_Announcements.cpp mpgame\ai\AI_Debug.cpp mpgame\ai\AI_events.cpp mpgame\ai\AI_Manager.cpp mpgame\ai\AI_Medic.cpp mpgame\ai\AI_Move.cpp mpgame\ai\AI_pathing.cpp mpgame\ai\AI_States.cpp mpgame\ai\AI_Tactical.cpp mpgame\ai\AI_Util.cpp mpgame\ai\Monster_Berserker.cpp mpgame\ai\Monster_BossBuddy.cpp mpgame\ai\Monster_BossMakron.cpp mpgame\ai\Monster_ConvoyGround.cpp mpgame\ai\Monster_ConvoyHover.cpp mpgame\ai\Monster_FailedTransfer.cpp mpgame\ai\Monster_Fatty.cpp mpgame\ai\Monster_Gladiator.cpp mpgame\ai\Monster_Grunt.cpp mpgame\ai\Monster_Gunner.cpp mpgame\ai\Monster_Harvester.cpp mpgame\ai\Monster_HarvesterDispersal.cpp mpgame\ai\Monster_HeavyHoverTank.cpp mpgame\ai\Monster_IronMaiden.cpp mpgame\ai\Monster_LightTank.cpp mpgame\ai\Monster_NetworkGuardian.cpp mpgame\ai\Monster_RepairBot.cpp mpgame\ai\Monster_Scientist.cpp mpgame\ai\Monster_Sentry.cpp mpgame\ai\Monster_SlimyTransfer.cpp mpgame\ai\Monster_StreamProtector.cpp mpgame\ai\Monster_StroggFlyer.cpp mpgame\ai\Monster_StroggHover.cpp mpgame\ai\Monster_StroggMarine.cpp mpgame\ai\Monster_TeleportDropper.cpp mpgame\ai\Monster_Turret.cpp mpgame\ai\Monster_TurretFlying.cpp mpgame\spawner.cpp mpgame\ai\VehicleAI.cpp mpgame\anim\Anim.cpp mpgame\anim\Anim_Blend.cpp mpgame\anim\Anim_Import.cpp mpgame\anim\Anim_Testmodel.cpp mpgame\client\ClientAFEntity.cpp mpgame\client\ClientEffect.cpp mpgame\client\ClientEntity.cpp mpgame\client\ClientModel.cpp mpgame\client\ClientMoveable.cpp mpgame\gamesys\Class.cpp mpgame\gamesys\DebugGraph.cpp mpgame\gamesys\Event.cpp mpgame\gamesys\SaveGame.cpp mpgame\gamesys\State.cpp mpgame\gamesys\SysCmds.cpp mpgame\gamesys\SysCvar.cpp mpgame\physics\Clip.cpp mpgame\physics\Force.cpp mpgame\physics\Force_Constant.cpp mpgame\physics\Force_Drag.cpp mpgame\physics\Force_Field.cpp mpgame\physics\Force_Spring.cpp mpgame\physics\Physics.cpp mpgame\physics\Physics_Actor.cpp mpgame\physics\Physics_AF.cpp mpgame\physics\Physics_Base.cpp mpgame\physics\Physics_Monster.cpp mpgame\physics\Physics_Parametric.cpp mpgame\physics\Physics_Particle.cpp mpgame\physics\Physics_Player.cpp mpgame\physics\Physics_RigidBody.cpp mpgame\physics\Physics_Static.cpp mpgame\physics\Physics_StaticMulti.cpp mpgame\physics\Physics_VehicleMonster.cpp mpgame\physics\Push.cpp mpgame\Player.cpp mpgame\Player_States.cpp mpgame\PlayerView.cpp mpgame\script\Script_Compiler.cpp mpgame\script\Script_Interpreter.cpp mpgame\script\Script_Program.cpp mpgame\script\Script_Thread.cpp mpgame\script\ScriptFuncUtility.cpp mpgame\vehicle\Vehicle.cpp mpgame\vehicle\Vehicle_DropPod.cpp mpgame\vehicle\Vehicle_Walker.cpp mpgame\vehicle\VehicleAnimated.cpp mpgame\vehicle\VehicleController.cpp mpgame\vehicle\VehicleDriver.cpp mpgame\vehicle\VehicleMonster.cpp mpgame\vehicle\VehicleParts.cpp mpgame\vehicle\VehiclePosition.cpp mpgame\vehicle\VehicleRigid.cpp mpgame\vehicle\VehicleSpline.cpp mpgame\vehicle\VehicleStatic.cpp mpgame\Weapon.cpp mpgame\weapon\WeaponBlaster.cpp mpgame\weapon\WeaponDarkMatterGun.cpp mpgame\weapon\WeaponGauntlet.cpp mpgame\weapon\WeaponGrenadeLauncher.cpp mpgame\weapon\WeaponHyperblaster.cpp mpgame\weapon\WeaponLightningGun.cpp mpgame\weapon\WeaponMachinegun.cpp mpgame\weapon\WeaponNailgun.cpp mpgame\weapon\WeaponNapalmGun.cpp mpgame\weapon\WeaponRailgun.cpp mpgame\weapon\WeaponRocketLauncher.cpp mpgame\weapon\WeaponShotgun.cpp mpgame\mp\Buying.cpp mpgame\mp\CTF.cpp mpgame\mp\GameState.cpp mpgame\mp\Tourney.cpp mpgame\mp\VoiceComms.cpp mpgame\mp\stats\StatEvent.cpp mpgame\mp\stats\StatManager.cpp mpgame\mp\stats\StatWindow.cpp TFQuakeUtils.cpp
         Actor.cpp
         AFEntity.cpp
         BrittleFracture.cpp
         Camera.cpp
         Effect.cpp
         Entity.cpp
         Game_Debug.cpp
         Game_local.cpp
         Game_Log.cpp
         Game_network.cpp
         GameEdit.cpp
         Healing_Station.cpp
         Icon.cpp
         IconManager.cpp
         IK.cpp
         Instance.cpp
         Item.cpp
         Light.cpp
         LipSync.cpp
         Misc.cpp
         Generating Code...
         Compiling...
         Moveable.cpp
         Mover.cpp
         MultiplayerGame.cpp
         Playback.cpp
         Player_Cheats.cpp
         Projectile.cpp
         Pvs.cpp
         SecurityCamera.cpp
         Sound.cpp
         SplineMover.cpp
         Target.cpp
         TFCapturePoint.cpp
     1>g:\tfquake\source\mpgame\tfquake\gameplay\TFCapturePoint.h(51): error C2146: syntax error : missing ';' before identifier 'OwningTeam'
     1>g:\tfquake\source\mpgame\tfquake\gameplay\TFCapturePoint.h(51): error C4430: missing type specifier - int assumed. Note: C++ does not support default-int
     1>g:\tfquake\source\mpgame\tfquake\gameplay\TFCapturePoint.h(51): error C4430: missing type specifier - int assumed. Note: C++ does not support default-int
     1>g:\tfquake\source\mpgame\tfquake\gameplay\TFCapturePoint.h(53): error C2061: syntax error : identifier 'ETeamColor'
     1>g:\tfquake\source\mpgame\tfquake\gameplay\TFCapturePoint.h(54): error C2146: syntax error : missing ';' before identifier 'GetOwnership'
     1>g:\tfquake\source\mpgame\tfquake\gameplay\TFCapturePoint.h(54): error C4430: missing type specifier - int assumed. Note: C++ does not support default-int
     1>g:\tfquake\source\mpgame\tfquake\gameplay\TFCapturePoint.h(54): error C4430: missing type specifier - int assumed. Note: C++ does not support default-int
     1>g:\tfquake\source\mpgame\tfquake\gameplay\TFCapturePoint.h(54): warning C4183: 'GetOwnership': missing return type; assumed to be a member function returning 'int'
     1>g:\tfquake\source\mpgame\tfquake\gameplay\TFCapturePoint.h(176): error C2011: 'riDeadZonePowerup' : 'class' type redefinition
                 g:\tfquake\source\mpgame\Item.h(167) : see declaration of 'riDeadZonePowerup'
     1>g:\tfquake\source\mpgame\tfquake\gameplay\TFCapturePoint.h(209): error C2011: 'rvItemCTFFlag' : 'class' type redefinition
                 g:\tfquake\source\mpgame\Item.h(200) : see declaration of 'rvItemCTFFlag'
     1>g:\tfquake\source\mpgame\tfquake\gameplay\TFCapturePoint.h(241): error C2011: 'idObjective' : 'class' type redefinition
                 g:\tfquake\source\mpgame\Item.h(232) : see declaration of 'idObjective'
     1>g:\tfquake\source\mpgame\tfquake\gameplay\TFCapturePoint.h(274): error C2011: 'idMoveableItem' : 'class' type redefinition
                 g:\tfquake\source\mpgame\Item.h(265) : see declaration of 'idMoveableItem'
     1>g:\tfquake\source\mpgame\tfquake\gameplay\TFCapturePoint.h(327): error C2011: 'idObjectiveComplete' : 'class' type redefinition
                 g:\tfquake\source\mpgame\Item.h(318) : see declaration of 'idObjectiveComplete'
     1>g:\tfquake\source\mpgame\tfquake\gameplay\TFCapturePoint.h(359): error C2011: 'rvObjectiveFailed' : 'class' type redefinition
                 g:\tfquake\source\mpgame\Item.h(350) : see declaration of 'rvObjectiveFailed'
     1>mpgame\TFQuake\Gameplay\TFCapturePoint.cpp(74): error C2065: 'OwningTeam' : undeclared identifier
     1>mpgame\TFQuake\Gameplay\TFCapturePoint.cpp(74): error C2065: 'Grey' : undeclared identifier
     1>mpgame\TFQuake\Gameplay\TFCapturePoint.cpp(78): error C2065: 'ETeamColor' : undeclared identifier
     1>mpgame\TFQuake\Gameplay\TFCapturePoint.cpp(78): error C2146: syntax error : missing ')' before identifier 'ColorTo'
     1>mpgame\TFQuake\Gameplay\TFCapturePoint.cpp(78): error C2761: 'bool TFCapturePoint::ChangeOwnership(void)' : member function redeclaration not allowed
     1>mpgame\TFQuake\Gameplay\TFCapturePoint.cpp(78): error C2059: syntax error : ')'
     1>mpgame\TFQuake\Gameplay\TFCapturePoint.cpp(78): error C2143: syntax error : missing ';' before '{'
     1>mpgame\TFQuake\Gameplay\TFCapturePoint.cpp(78): error C2447: '{' : missing function header (old-style formal list?)
     1>mpgame\TFQuake\Gameplay\TFCapturePoint.cpp(95): error C2143: syntax error : missing ';' before 'TFCapturePoint::GetOwnership'
     1>mpgame\TFQuake\Gameplay\TFCapturePoint.cpp(95): error C4430: missing type specifier - int assumed. Note: C++ does not support default-int
     1>mpgame\TFQuake\Gameplay\TFCapturePoint.cpp(95): error C4430: missing type specifier - int assumed. Note: C++ does not support default-int
     1>mpgame\TFQuake\Gameplay\TFCapturePoint.cpp(97): error C2065: 'OwningTeam' : undeclared identifier
     1>mpgame\TFQuake\Gameplay\TFCapturePoint.cpp(540): error C2027: use of undefined type 'rvItemCTFFlag'
                 g:\tfquake\source\mpgame\Item.h(200) : see declaration of 'rvItemCTFFlag'
     1>mpgame\TFQuake\Gameplay\TFCapturePoint.cpp(633): error C2664: 'bool idPlayer::GiveItem(idItem *)' : cannot convert parameter 1 from 'TFCapturePoint *const ' to 'idItem *'
                 Types pointed to are unrelated; conversion requires reinterpret_cast, C-style cast or function-style cast
     1>mpgame\TFQuake\Gameplay\TFCapturePoint.cpp(934): error C2664: 'bool idPlayer::GiveItem(idItem *)' : cannot convert parameter 1 from 'TFCapturePoint *const ' to 'idItem *'
                 Types pointed to are unrelated; conversion requires reinterpret_cast, C-style cast or function-style cast
     1>mpgame\TFQuake\Gameplay\TFCapturePoint.cpp(1279): error C2027: use of undefined type 'idObjective'
                 g:\tfquake\source\mpgame\Item.h(232) : see declaration of 'idObjective'
     1>mpgame\TFQuake\Gameplay\TFCapturePoint.cpp(1279): error C2027: use of undefined type 'idObjective'
                 g:\tfquake\source\mpgame\Item.h(232) : see declaration of 'idObjective'
     1>mpgame\TFQuake\Gameplay\TFCapturePoint.cpp(1279): error C2027: use of undefined type 'idObjective'
                 g:\tfquake\source\mpgame\Item.h(232) : see declaration of 'idObjective'
     1>mpgame\TFQuake\Gameplay\TFCapturePoint.cpp(1279): error C2065: 'eventCallbacks' : undeclared identifier
     1>mpgame\TFQuake\Gameplay\TFCapturePoint.cpp(1279): error C2027: use of undefined type 'idObjective'
                 g:\tfquake\source\mpgame\Item.h(232) : see declaration of 'idObjective'
     1>mpgame\TFQuake\Gameplay\TFCapturePoint.cpp(1279): error C2065: 'CreateInstance' : undeclared identifier
     1>mpgame\TFQuake\Gameplay\TFCapturePoint.cpp(1279): error C2027: use of undefined type 'idObjective'
                 g:\tfquake\source\mpgame\Item.h(232) : see declaration of 'idObjective'
     1>mpgame\TFQuake\Gameplay\TFCapturePoint.cpp(1279): error C2065: 'Spawn' : undeclared identifier
     1>mpgame\TFQuake\Gameplay\TFCapturePoint.cpp(1279): error C2027: use of undefined type 'idObjective'
                 g:\tfquake\source\mpgame\Item.h(232) : see declaration of 'idObjective'
     1>mpgame\TFQuake\Gameplay\TFCapturePoint.cpp(1279): error C2065: 'stateCallbacks' : undeclared identifier
     1>mpgame\TFQuake\Gameplay\TFCapturePoint.cpp(1279): error C2027: use of undefined type 'idObjective'
                 g:\tfquake\source\mpgame\Item.h(232) : see declaration of 'idObjective'
     1>mpgame\TFQuake\Gameplay\TFCapturePoint.cpp(1279): error C2065: 'Save' : undeclared identifier
     1>mpgame\TFQuake\Gameplay\TFCapturePoint.cpp(1279): error C2027: use of undefined type 'idObjective'
                 g:\tfquake\source\mpgame\Item.h(232) : see declaration of 'idObjective'
     1>mpgame\TFQuake\Gameplay\TFCapturePoint.cpp(1279): error C2065: 'Restore' : undeclared identifier
     1>mpgame\TFQuake\Gameplay\TFCapturePoint.cpp(1279): error C2027: use of undefined type 'idObjective'
                 g:\tfquake\source\mpgame\Item.h(232) : see declaration of 'idObjective'
     1>mpgame\TFQuake\Gameplay\TFCapturePoint.cpp(1279): error C2027: use of undefined type 'idObjective'
                 g:\tfquake\source\mpgame\Item.h(232) : see declaration of 'idObjective'
     1>mpgame\TFQuake\Gameplay\TFCapturePoint.cpp(1279): error C2027: use of undefined type 'idObjective'
                 g:\tfquake\source\mpgame\Item.h(232) : see declaration of 'idObjective'
     1>mpgame\TFQuake\Gameplay\TFCapturePoint.cpp(1279): error C2027: use of undefined type 'idObjective'
                 g:\tfquake\source\mpgame\Item.h(232) : see declaration of 'idObjective'
     1>mpgame\TFQuake\Gameplay\TFCapturePoint.cpp(1279): error C2227: left of '->{ctor}' must point to class/struct/union/generic type
                 type is 'idObjective *'
     1>mpgame\TFQuake\Gameplay\TFCapturePoint.cpp(1279): error C2027: use of undefined type 'idObjective'
                 g:\tfquake\source\mpgame\Item.h(232) : see declaration of 'idObjective'
     1>mpgame\TFQuake\Gameplay\TFCapturePoint.cpp(1279): error C2227: left of '->FindUninitializedMemory' must point to class/struct/union/generic type
     1>mpgame\TFQuake\Gameplay\TFCapturePoint.cpp(1279): error C2027: use of undefined type 'idObjective'
                 g:\tfquake\source\mpgame\Item.h(232) : see declaration of 'idObjective'
     1>mpgame\TFQuake\Gameplay\TFCapturePoint.cpp(1279): error C2027: use of undefined type 'idObjective'
                 g:\tfquake\source\mpgame\Item.h(232) : see declaration of 'idObjective'
     1>mpgame\TFQuake\Gameplay\TFCapturePoint.cpp(1279): error C2027: use of undefined type 'idObjective'
                 g:\tfquake\source\mpgame\Item.h(232) : see declaration of 'idObjective'
     1>mpgame\TFQuake\Gameplay\TFCapturePoint.cpp(1279): error C2270: 'GetType' : modifiers not allowed on nonmember functions
     1>mpgame\TFQuake\Gameplay\TFCapturePoint.cpp(1279): error C2027: use of undefined type 'idObjective'
                 g:\tfquake\source\mpgame\Item.h(232) : see declaration of 'idObjective'
     1>mpgame\TFQuake\Gameplay\TFCapturePoint.cpp(1279): error C2027: use of undefined type 'idObjective'
                 g:\tfquake\source\mpgame\Item.h(232) : see declaration of 'idObjective'
     1>mpgame\TFQuake\Gameplay\TFCapturePoint.cpp(1280): error C2027: use of undefined type 'idObjective'
                 g:\tfquake\source\mpgame\Item.h(232) : see declaration of 'idObjective'
     1>mpgame\TFQuake\Gameplay\TFCapturePoint.cpp(1280): error C2065: 'Event_Trigger' : undeclared identifier
     1>mpgame\TFQuake\Gameplay\TFCapturePoint.cpp(1281): error C2027: use of undefined type 'idObjective'
                 g:\tfquake\source\mpgame\Item.h(232) : see declaration of 'idObjective'
     1>mpgame\TFQuake\Gameplay\TFCapturePoint.cpp(1281): error C2065: 'Event_HideObjective' : undeclared identifier
     1>mpgame\TFQuake\Gameplay\TFCapturePoint.cpp(1282): error C2027: use of undefined type 'idObjective'
                 g:\tfquake\source\mpgame\Item.h(232) : see declaration of 'idObjective'
     1>mpgame\TFQuake\Gameplay\TFCapturePoint.cpp(1282): error C2065: 'Event_GetPlayerPos' : undeclared identifier
     1>mpgame\TFQuake\Gameplay\TFCapturePoint.cpp(1283): error C2027: use of undefined type 'idObjective'
                 g:\tfquake\source\mpgame\Item.h(232) : see declaration of 'idObjective'
     1>mpgame\TFQuake\Gameplay\TFCapturePoint.cpp(1283): error C2065: 'Event_CamShot' : undeclared identifier
     1>mpgame\TFQuake\Gameplay\TFCapturePoint.cpp(1291): error C2027: use of undefined type 'idObjective'
                 g:\tfquake\source\mpgame\Item.h(232) : see declaration of 'idObjective'
     1>mpgame\TFQuake\Gameplay\TFCapturePoint.cpp(1291): error C2059: syntax error : ')'
     1>mpgame\TFQuake\Gameplay\TFCapturePoint.cpp(1291): error C2143: syntax error : missing ';' before '{'
     1>mpgame\TFQuake\Gameplay\TFCapturePoint.cpp(1291): error C2447: '{' : missing function header (old-style formal list?)
     1>mpgame\TFQuake\Gameplay\TFCapturePoint.cpp(1305): error C2027: use of undefined type 'idObjective'
                 g:\tfquake\source\mpgame\Item.h(232) : see declaration of 'idObjective'
     1>mpgame\TFQuake\Gameplay\TFCapturePoint.cpp(1305): error C2270: 'Save' : modifiers not allowed on nonmember functions
     1>mpgame\TFQuake\Gameplay\TFCapturePoint.cpp(1306): error C2065: 'playerPos' : undeclared identifier
     1>mpgame\TFQuake\Gameplay\TFCapturePoint.cpp(1314): error C2027: use of undefined type 'idObjective'
                 g:\tfquake\source\mpgame\Item.h(232) : see declaration of 'idObjective'
     1>mpgame\TFQuake\Gameplay\TFCapturePoint.cpp(1315): error C2065: 'playerPos' : undeclared identifier
     1>mpgame\TFQuake\Gameplay\TFCapturePoint.cpp(1319): error C3861: 'PostEventMS': identifier not found
     1>mpgame\TFQuake\Gameplay\TFCapturePoint.cpp(1329): error C2027: use of undefined type 'idObjective'
                 g:\tfquake\source\mpgame\Item.h(232) : see declaration of 'idObjective'
     1>mpgame\TFQuake\Gameplay\TFCapturePoint.cpp(1330): error C3861: 'Hide': identifier not found
     1>mpgame\TFQuake\Gameplay\TFCapturePoint.cpp(1335): error C2065: 'spawnArgs' : undeclared identifier
     1>mpgame\TFQuake\Gameplay\TFCapturePoint.cpp(1335): error C2228: left of '.GetString' must have class/struct/union
                 type is ''unknown-type''
     1>mpgame\TFQuake\Gameplay\TFCapturePoint.cpp(1336): error C2065: 'spawnArgs' : undeclared identifier
     1>mpgame\TFQuake\Gameplay\TFCapturePoint.cpp(1336): error C2228: left of '.GetString' must have class/struct/union
                 type is ''unknown-type''
     1>mpgame\TFQuake\Gameplay\TFCapturePoint.cpp(1337): error C3861: 'PostEventMS': identifier not found
     1>mpgame\TFQuake\Gameplay\TFCapturePoint.cpp(1348): error C2027: use of undefined type 'idObjective'
                 g:\tfquake\source\mpgame\Item.h(232) : see declaration of 'idObjective'
     1>mpgame\TFQuake\Gameplay\TFCapturePoint.cpp(1353): error C2065: 'spawnArgs' : undeclared identifier
     1>mpgame\TFQuake\Gameplay\TFCapturePoint.cpp(1353): error C2228: left of '.GetString' must have class/struct/union
                 type is ''unknown-type''
     1>mpgame\TFQuake\Gameplay\TFCapturePoint.cpp(1356): error C2065: 'spawnArgs' : undeclared identifier
     1>mpgame\TFQuake\Gameplay\TFCapturePoint.cpp(1356): error C2228: left of '.GetString' must have class/struct/union
                 type is ''unknown-type''
     1>mpgame\TFQuake\Gameplay\TFCapturePoint.cpp(1379): error C2027: use of undefined type 'idObjective'
                 g:\tfquake\source\mpgame\Item.h(232) : see declaration of 'idObjective'
     1>mpgame\TFQuake\Gameplay\TFCapturePoint.cpp(1382): error C2065: 'spawnArgs' : undeclared identifier
     1>mpgame\TFQuake\Gameplay\TFCapturePoint.cpp(1382): error C2228: left of '.GetString' must have class/struct/union
                 type is ''unknown-type''
     1>mpgame\TFQuake\Gameplay\TFCapturePoint.cpp(1388): error C2065: 'spawnArgs' : undeclared identifier
     1>mpgame\TFQuake\Gameplay\TFCapturePoint.cpp(1388): error C2228: left of '.GetString' must have class/struct/union
                 type is ''unknown-type''
     1>mpgame\TFQuake\Gameplay\TFCapturePoint.cpp(1392): error C2065: 'spawnArgs' : undeclared identifier
     1>mpgame\TFQuake\Gameplay\TFCapturePoint.cpp(1392): error C2228: left of '.GetString' must have class/struct/union
                 type is ''unknown-type''
     1>mpgame\TFQuake\Gameplay\TFCapturePoint.cpp(1393): error C2065: 'spawnArgs' : undeclared identifier
     1>mpgame\TFQuake\Gameplay\TFCapturePoint.cpp(1393): error C2228: left of '.GetString' must have class/struct/union
                 type is ''unknown-type''
     1>mpgame\TFQuake\Gameplay\TFCapturePoint.cpp(1395): error C2065: 'spawnArgs' : undeclared identifier
     1>mpgame\TFQuake\Gameplay\TFCapturePoint.cpp(1395): error C2228: left of '.GetString' must have class/struct/union
                 type is ''unknown-type''
     1>mpgame\TFQuake\Gameplay\TFCapturePoint.cpp(1395): error C2065: 'spawnArgs' : undeclared identifier
     1>mpgame\TFQuake\Gameplay\TFCapturePoint.cpp(1395): error C2228: left of '.GetString' must have class/struct/union
                 type is ''unknown-type''
     1>mpgame\TFQuake\Gameplay\TFCapturePoint.cpp(1401): error C2027: use of undefined type 'idObjectiveComplete'
                 g:\tfquake\source\mpgame\Item.h(318) : see declaration of 'idObjectiveComplete'
     1>mpgame\TFQuake\Gameplay\TFCapturePoint.cpp(1403): error C2065: 'spawnArgs' : undeclared identifier
     1>mpgame\TFQuake\Gameplay\TFCapturePoint.cpp(1403): error C2228: left of '.GetString' must have class/struct/union
                 type is ''unknown-type''
     1>mpgame\TFQuake\Gameplay\TFCapturePoint.cpp(1410): error C3861: 'PostEventMS': identifier not found
     1>mpgame\TFQuake\Gameplay\TFCapturePoint.cpp(1413): error C2065: 'triggerTime' : undeclared identifier
     1>mpgame\TFQuake\Gameplay\TFCapturePoint.cpp(1425): error C2027: use of undefined type 'idObjective'
                 g:\tfquake\source\mpgame\Item.h(232) : see declaration of 'idObjective'
     1>mpgame\TFQuake\Gameplay\TFCapturePoint.cpp(1428): error C2065: 'playerPos' : undeclared identifier
     1>mpgame\TFQuake\Gameplay\TFCapturePoint.cpp(1429): error C3861: 'PostEventMS': identifier not found
     1>mpgame\TFQuake\Gameplay\TFCapturePoint.cpp(1438): error C2027: use of undefined type 'idObjective'
                 g:\tfquake\source\mpgame\Item.h(232) : see declaration of 'idObjective'
     1>mpgame\TFQuake\Gameplay\TFCapturePoint.cpp(1438): fatal error C1003: error count exceeds 100; stopping compilation
         TFQuakeUtils.cpp
         TFPlayer.cpp
     1>mpgame\TFQuake\Player\TFPlayer.cpp(119): error C2653: 'TFPlayer' : is not a class or namespace name
     1>mpgame\TFQuake\Player\TFPlayer.cpp(119): error C2653: 'TFPlayer' : is not a class or namespace name
     1>mpgame\TFQuake\Player\TFPlayer.cpp(119): error C2653: 'TFPlayer' : is not a class or namespace name
     1>mpgame\TFQuake\Player\TFPlayer.cpp(119): error C2065: 'eventCallbacks' : undeclared identifier
     1>mpgame\TFQuake\Player\TFPlayer.cpp(119): error C2653: 'TFPlayer' : is not a class or namespace name
     1>mpgame\TFQuake\Player\TFPlayer.cpp(119): error C2065: 'CreateInstance' : undeclared identifier
     1>mpgame\TFQuake\Player\TFPlayer.cpp(119): error C2653: 'TFPlayer' : is not a class or namespace name
     1>mpgame\TFQuake\Player\TFPlayer.cpp(119): error C2653: 'TFPlayer' : is not a class or namespace name
     1>mpgame\TFQuake\Player\TFPlayer.cpp(119): error C2065: 'Spawn' : undeclared identifier
     1>mpgame\TFQuake\Player\TFPlayer.cpp(119): error C2653: 'TFPlayer' : is not a class or namespace name
     1>mpgame\TFQuake\Player\TFPlayer.cpp(119): error C2065: 'stateCallbacks' : undeclared identifier
     1>mpgame\TFQuake\Player\TFPlayer.cpp(119): error C2653: 'TFPlayer' : is not a class or namespace name
     1>mpgame\TFQuake\Player\TFPlayer.cpp(119): error C2653: 'TFPlayer' : is not a class or namespace name
     1>mpgame\TFQuake\Player\TFPlayer.cpp(119): error C2065: 'Save' : undeclared identifier
     1>mpgame\TFQuake\Player\TFPlayer.cpp(119): error C2653: 'TFPlayer' : is not a class or namespace name
     1>mpgame\TFQuake\Player\TFPlayer.cpp(119): error C2653: 'TFPlayer' : is not a class or namespace name
     1>mpgame\TFQuake\Player\TFPlayer.cpp(119): error C2065: 'Restore' : undeclared identifier
     1>mpgame\TFQuake\Player\TFPlayer.cpp(119): error C2653: 'TFPlayer' : is not a class or namespace name
     1>mpgame\TFQuake\Player\TFPlayer.cpp(119): error C2653: 'TFPlayer' : is not a class or namespace name
     1>mpgame\TFQuake\Player\TFPlayer.cpp(119): error C2653: 'TFPlayer' : is not a class or namespace name
     1>mpgame\TFQuake\Player\TFPlayer.cpp(119): error C2065: 'TFPlayer' : undeclared identifier
     1>mpgame\TFQuake\Player\TFPlayer.cpp(119): error C2065: 'ptr' : undeclared identifier
     1>mpgame\TFQuake\Player\TFPlayer.cpp(119): error C2061: syntax error : identifier 'TFPlayer'
     1>mpgame\TFQuake\Player\TFPlayer.cpp(119): error C2065: 'ptr' : undeclared identifier
     1>mpgame\TFQuake\Player\TFPlayer.cpp(119): error C2227: left of '->FindUninitializedMemory' must point to class/struct/union/generic type
                 type is ''unknown-type''
     1>mpgame\TFQuake\Player\TFPlayer.cpp(119): error C2065: 'ptr' : undeclared identifier
     1>mpgame\TFQuake\Player\TFPlayer.cpp(119): error C2653: 'TFPlayer' : is not a class or namespace name
     1>mpgame\TFQuake\Player\TFPlayer.cpp(119): error C2653: 'TFPlayer' : is not a class or namespace name
     1>mpgame\TFQuake\Player\TFPlayer.cpp(119): error C2653: 'TFPlayer' : is not a class or namespace name
     1>mpgame\TFQuake\Player\TFPlayer.cpp(119): error C2270: 'GetType' : modifiers not allowed on nonmember functions
     1>mpgame\TFQuake\Player\TFPlayer.cpp(119): error C2653: 'TFPlayer' : is not a class or namespace name
     1>mpgame\TFQuake\Player\TFPlayer.cpp(119): error C2065: 'TFPlayer' : undeclared identifier
     1>mpgame\TFQuake\Player\TFPlayer.cpp(119): error C2653: 'TFPlayer' : is not a class or namespace name
     1>mpgame\TFQuake\Player\TFPlayer.cpp(121): error C2552: 'eventCallbacks' : non-aggregates cannot be initialized with initializer list
                 'idEventFunc' : Types with user defined constructors are not aggregate
     1>mpgame\TFQuake\Player\TFPlayer.cpp(121): error C2653: 'TFPlayer' : is not a class or namespace name
     1>mpgame\TFQuake\Player\TFPlayer.cpp(121): error C2653: 'TFPlayer' : is not a class or namespace name
     1>mpgame\TFQuake\Player\TFPlayer.cpp(121): error C2065: 'Event_ZoomIn' : undeclared identifier
     1>mpgame\TFQuake\Player\TFPlayer.cpp(122): error C2552: 'eventCallbacks' : non-aggregates cannot be initialized with initializer list
                 'idEventFunc' : Types with user defined constructors are not aggregate
     1>mpgame\TFQuake\Player\TFPlayer.cpp(122): error C2653: 'TFPlayer' : is not a class or namespace name
     1>mpgame\TFQuake\Player\TFPlayer.cpp(122): error C2653: 'TFPlayer' : is not a class or namespace name
     1>mpgame\TFQuake\Player\TFPlayer.cpp(122): error C2065: 'Event_ZoomOut' : undeclared identifier
     1>mpgame\TFQuake\Player\TFPlayer.cpp(123): error C2552: 'eventCallbacks' : non-aggregates cannot be initialized with initializer list
                 'idEventFunc' : Types with user defined constructors are not aggregate
     1>mpgame\TFQuake\Player\TFPlayer.cpp(123): error C2653: 'TFPlayer' : is not a class or namespace name
     1>mpgame\TFQuake\Player\TFPlayer.cpp(123): error C2653: 'TFPlayer' : is not a class or namespace name
     1>mpgame\TFQuake\Player\TFPlayer.cpp(123): error C2065: 'Event_GetButtons' : undeclared identifier
     1>mpgame\TFQuake\Player\TFPlayer.cpp(124): error C2552: 'eventCallbacks' : non-aggregates cannot be initialized with initializer list
                 'idEventFunc' : Types with user defined constructors are not aggregate
     1>mpgame\TFQuake\Player\TFPlayer.cpp(124): error C2653: 'TFPlayer' : is not a class or namespace name
     1>mpgame\TFQuake\Player\TFPlayer.cpp(124): error C2653: 'TFPlayer' : is not a class or namespace name
     1>mpgame\TFQuake\Player\TFPlayer.cpp(124): error C2065: 'Event_GetMove' : undeclared identifier
     1>mpgame\TFQuake\Player\TFPlayer.cpp(125): error C2552: 'eventCallbacks' : non-aggregates cannot be initialized with initializer list
                 'idEventFunc' : Types with user defined constructors are not aggregate
     1>mpgame\TFQuake\Player\TFPlayer.cpp(125): error C2653: 'TFPlayer' : is not a class or namespace name
     1>mpgame\TFQuake\Player\TFPlayer.cpp(125): error C2653: 'TFPlayer' : is not a class or namespace name
     1>mpgame\TFQuake\Player\TFPlayer.cpp(125): error C2065: 'Event_GetViewAngles' : undeclared identifier
     1>mpgame\TFQuake\Player\TFPlayer.cpp(126): error C2552: 'eventCallbacks' : non-aggregates cannot be initialized with initializer list
                 'idEventFunc' : Types with user defined constructors are not aggregate
     1>mpgame\TFQuake\Player\TFPlayer.cpp(126): error C2653: 'TFPlayer' : is not a class or namespace name
     1>mpgame\TFQuake\Player\TFPlayer.cpp(126): error C2653: 'TFPlayer' : is not a class or namespace name
     1>mpgame\TFQuake\Player\TFPlayer.cpp(126): error C2065: 'Event_SetViewAngles' : undeclared identifier
     1>mpgame\TFQuake\Player\TFPlayer.cpp(127): error C2552: 'eventCallbacks' : non-aggregates cannot be initialized with initializer list
                 'idEventFunc' : Types with user defined constructors are not aggregate
     1>mpgame\TFQuake\Player\TFPlayer.cpp(127): error C2653: 'TFPlayer' : is not a class or namespace name
     1>mpgame\TFQuake\Player\TFPlayer.cpp(127): error C2653: 'TFPlayer' : is not a class or namespace name
     1>mpgame\TFQuake\Player\TFPlayer.cpp(127): error C2065: 'Event_StopFxFov' : undeclared identifier
     1>mpgame\TFQuake\Player\TFPlayer.cpp(128): error C2552: 'eventCallbacks' : non-aggregates cannot be initialized with initializer list
                 'idEventFunc' : Types with user defined constructors are not aggregate
     1>mpgame\TFQuake\Player\TFPlayer.cpp(128): error C2653: 'TFPlayer' : is not a class or namespace name
     1>mpgame\TFQuake\Player\TFPlayer.cpp(128): error C2653: 'TFPlayer' : is not a class or namespace name
     1>mpgame\TFQuake\Player\TFPlayer.cpp(128): error C2065: 'Event_EnableWeapon' : undeclared identifier
     1>mpgame\TFQuake\Player\TFPlayer.cpp(129): error C2552: 'eventCallbacks' : non-aggregates cannot be initialized with initializer list
                 'idEventFunc' : Types with user defined constructors are not aggregate
     1>mpgame\TFQuake\Player\TFPlayer.cpp(129): error C2653: 'TFPlayer' : is not a class or namespace name
     1>mpgame\TFQuake\Player\TFPlayer.cpp(129): error C2653: 'TFPlayer' : is not a class or namespace name
     1>mpgame\TFQuake\Player\TFPlayer.cpp(129): error C2065: 'Event_DisableWeapon' : undeclared identifier
     1>mpgame\TFQuake\Player\TFPlayer.cpp(130): error C2552: 'eventCallbacks' : non-aggregates cannot be initialized with initializer list
                 'idEventFunc' : Types with user defined constructors are not aggregate
     1>mpgame\TFQuake\Player\TFPlayer.cpp(130): error C2653: 'TFPlayer' : is not a class or namespace name
     1>mpgame\TFQuake\Player\TFPlayer.cpp(130): error C2653: 'TFPlayer' : is not a class or namespace name
     1>mpgame\TFQuake\Player\TFPlayer.cpp(130): error C2065: 'Event_GetCurrentWeapon' : undeclared identifier
     1>mpgame\TFQuake\Player\TFPlayer.cpp(131): error C2552: 'eventCallbacks' : non-aggregates cannot be initialized with initializer list
                 'idEventFunc' : Types with user defined constructors are not aggregate
     1>mpgame\TFQuake\Player\TFPlayer.cpp(131): error C2653: 'TFPlayer' : is not a class or namespace name
     1>mpgame\TFQuake\Player\TFPlayer.cpp(131): error C2653: 'TFPlayer' : is not a class or namespace name
     1>mpgame\TFQuake\Player\TFPlayer.cpp(131): error C2065: 'Event_GetPreviousWeapon' : undeclared identifier
     1>mpgame\TFQuake\Player\TFPlayer.cpp(132): error C2552: 'eventCallbacks' : non-aggregates cannot be initialized with initializer list
                 'idEventFunc' : Types with user defined constructors are not aggregate
     1>mpgame\TFQuake\Player\TFPlayer.cpp(132): error C2653: 'TFPlayer' : is not a class or namespace name
     1>mpgame\TFQuake\Player\TFPlayer.cpp(132): error C2653: 'TFPlayer' : is not a class or namespace name
     1>mpgame\TFQuake\Player\TFPlayer.cpp(132): error C2065: 'Event_SelectWeapon' : undeclared identifier
     1>mpgame\TFQuake\Player\TFPlayer.cpp(133): error C2552: 'eventCallbacks' : non-aggregates cannot be initialized with initializer list
                 'idEventFunc' : Types with user defined constructors are not aggregate
     1>mpgame\TFQuake\Player\TFPlayer.cpp(133): error C2653: 'TFPlayer' : is not a class or namespace name
     1>mpgame\TFQuake\Player\TFPlayer.cpp(133): error C2653: 'TFPlayer' : is not a class or namespace name
     1>mpgame\TFQuake\Player\TFPlayer.cpp(133): error C2065: 'Event_GetWeaponEntity' : undeclared identifier
     1>mpgame\TFQuake\Player\TFPlayer.cpp(134): error C2552: 'eventCallbacks' : non-aggregates cannot be initialized with initializer list
                 'idEventFunc' : Types with user defined constructors are not aggregate
     1>mpgame\TFQuake\Player\TFPlayer.cpp(134): error C2653: 'TFPlayer' : is not a class or namespace name
     1>mpgame\TFQuake\Player\TFPlayer.cpp(134): error C2653: 'TFPlayer' : is not a class or namespace name
     1>mpgame\TFQuake\Player\TFPlayer.cpp(134): error C2065: 'Event_ExitTeleporter' : undeclared identifier
     1>mpgame\TFQuake\Player\TFPlayer.cpp(135): error C2552: 'eventCallbacks' : non-aggregates cannot be initialized with initializer list
                 'idEventFunc' : Types with user defined constructors are not aggregate
     1>mpgame\TFQuake\Player\TFPlayer.cpp(135): error C2653: 'TFPlayer' : is not a class or namespace name
     1>mpgame\TFQuake\Player\TFPlayer.cpp(135): error C2653: 'TFPlayer' : is not a class or namespace name
     1>mpgame\TFQuake\Player\TFPlayer.cpp(135): error C2065: 'Event_HideTip' : undeclared identifier
     1>mpgame\TFQuake\Player\TFPlayer.cpp(136): error C2552: 'eventCallbacks' : non-aggregates cannot be initialized with initializer list
                 'idEventFunc' : Types with user defined constructors are not aggregate
     1>mpgame\TFQuake\Player\TFPlayer.cpp(136): error C2653: 'TFPlayer' : is not a class or namespace name
     1>mpgame\TFQuake\Player\TFPlayer.cpp(136): error C2653: 'TFPlayer' : is not a class or namespace name
     1>mpgame\TFQuake\Player\TFPlayer.cpp(136): error C2065: 'Event_LevelTrigger' : undeclared identifier
     1>mpgame\TFQuake\Player\TFPlayer.cpp(137): error C2552: 'eventCallbacks' : non-aggregates cannot be initialized with initializer list
                 'idEventFunc' : Types with user defined constructors are not aggregate
     1>mpgame\TFQuake\Player\TFPlayer.cpp(137): error C2653: 'TFPlayer' : is not a class or namespace name
     1>mpgame\TFQuake\Player\TFPlayer.cpp(137): error C2653: 'TFPlayer' : is not a class or namespace name
     1>mpgame\TFQuake\Player\TFPlayer.cpp(137): error C2065: 'Event_GetViewPos' : undeclared identifier
     1>mpgame\TFQuake\Player\TFPlayer.cpp(137): fatal error C1003: error count exceeds 100; stopping compilation
         TFDemoGrenadeLauncher.cpp
     1>mpgame\TFQuake\Weapons\TFDemoGrenadeLauncher.cpp(1): fatal error C1083: Cannot open include file: '../../idlib/precompiled.h': No such file or directory
         TFHeavyKGB.cpp
     1>mpgame\TFQuake\Weapons\TFHeavyKGB.cpp(1): fatal error C1083: Cannot open include file: '../../idlib/precompiled.h': No such file or directory
         TFHeavyMinigun.cpp
     1>mpgame\TFQuake\Weapons\TFHeavyMinigun.cpp(1): fatal error C1083: Cannot open include file: '../../idlib/precompiled.h': No such file or directory
         TFMedicMedigun.cpp
     1>mpgame\TFQuake\Weapons\TFMedicMedigun.cpp(1): fatal error C1083: Cannot open include file: '../../idlib/precompiled.h': No such file or directory
         TFPyroFlamethrower.cpp
     1>mpgame\TFQuake\Weapons\TFPyroFlamethrower.cpp(1): fatal error C1083: Cannot open include file: '../../idlib/precompiled.h': No such file or directory
         TFScoutPistol.cpp
     1>mpgame\TFQuake\Weapons\TFScoutPistol.cpp(1): fatal error C1083: Cannot open include file: '../../idlib/precompiled.h': No such file or directory
         Generating Code...
     1>g:\tfquake\source\idlib\math\curve.h(240): warning C4750: 'float __thiscall idCurve<class idVec3>::RombergIntegral(float,float,int)const ': function with _alloca() inlined into a loop
     1>g:\tfquake\source\idlib\math\curve.h(225): warning C4750: 'float __thiscall idCurve<class idVec3>::RombergIntegral(float,float,int)const ': function with _alloca() inlined into a loop
     1>g:\tfquake\source\idlib\math\curve.h(263): warning C4750: 'float __thiscall idCurve<class idVec3>::GetLengthBetweenKnots(int,int)const ': function with _alloca() inlined into a loop
     1>g:\tfquake\source\idlib\math\curve.h(285): warning C4750: 'float __thiscall idCurve<class idVec3>::RombergIntegral(float,float,int)const ': function with _alloca() inlined into a loop
     1>g:\tfquake\source\idlib\math\curve.h(240): warning C4750: 'float __thiscall idCurve<class idVec3>::RombergIntegral(float,float,int)const ': function with _alloca() inlined into a loop
     1>g:\tfquake\source\idlib\math\curve.h(225): warning C4750: 'float __thiscall idCurve<class idVec3>::RombergIntegral(float,float,int)const ': function with _alloca() inlined into a loop
     1>g:\tfquake\source\idlib\math\curve.h(263): warning C4750: 'float __thiscall idCurve<class idVec3>::GetLengthBetweenKnots(int,int)const ': function with _alloca() inlined into a loop
     1>g:\tfquake\source\idlib\math\curve.h(285): warning C4750: 'float __thiscall idCurve<class idVec3>::RombergIntegral(float,float,int)const ': function with _alloca() inlined into a loop
     1>g:\tfquake\source\idlib\math\curve.h(326): warning C4750: 'float __thiscall idCurve<class idVec3>::GetLengthBetweenKnots(int,int)const ': function with _alloca() inlined into a loop
     1>g:\tfquake\source\mpgame\mover.cpp(2139): warning C4750: 'float __thiscall idCurve<class idVec3>::GetTimeForLength(float,float)const ': function with _alloca() inlined into a loop
         Compiling...
         TFScoutShotgun.cpp
     1>mpgame\TFQuake\Weapons\TFScoutShotgun.cpp(1): fatal error C1083: Cannot open include file: '../../idlib/precompiled.h': No such file or directory
         TFSniperRifle.cpp
     1>mpgame\TFQuake\Weapons\TFSniperRifle.cpp(1): fatal error C1083: Cannot open include file: '../../idlib/precompiled.h': No such file or directory
         TFSniperSMG.cpp
     1>mpgame\TFQuake\Weapons\TFSniperSMG.cpp(1): fatal error C1083: Cannot open include file: '../../idlib/precompiled.h': No such file or directory
         TFSoldierRocketLauncher.cpp
     1>mpgame\TFQuake\Weapons\TFSoldierRocketLauncher.cpp(1): fatal error C1083: Cannot open include file: '../../idlib/precompiled.h': No such file or directory
         TramGate.cpp
         Trigger.cpp
         WorldSpawn.cpp
         Lagometer.cpp
         AAS.cpp
         AAS_debug.cpp
         AAS_Find.cpp
         AAS_pathing.cpp
         AAS_routing.cpp
         AAS_tactical.cpp
         AI.cpp
         AI_Actions.cpp
         AI_Announcements.cpp
         AI_Debug.cpp
         AI_events.cpp
         AI_Manager.cpp
         Generating Code...
         Compiling...
         AI_Medic.cpp
         AI_Move.cpp
         AI_pathing.cpp
         AI_States.cpp
         AI_Tactical.cpp
         AI_Util.cpp
         Monster_Berserker.cpp
         Monster_BossBuddy.cpp
         Monster_BossMakron.cpp
         Monster_ConvoyGround.cpp
         Monster_ConvoyHover.cpp
         Monster_FailedTransfer.cpp
         Monster_Fatty.cpp
         Monster_Gladiator.cpp
         Monster_Grunt.cpp
         Monster_Gunner.cpp
         Monster_Harvester.cpp
         Monster_HarvesterDispersal.cpp
         Monster_HeavyHoverTank.cpp
         Monster_IronMaiden.cpp
         Generating Code...
         Compiling...
         Monster_LightTank.cpp
         Monster_NetworkGuardian.cpp
         Monster_RepairBot.cpp
         Monster_Scientist.cpp
         Monster_Sentry.cpp
         Monster_SlimyTransfer.cpp
         Monster_StreamProtector.cpp
         Monster_StroggFlyer.cpp
         Monster_StroggHover.cpp
         Monster_StroggMarine.cpp
         Monster_TeleportDropper.cpp
         Monster_Turret.cpp
         Monster_TurretFlying.cpp
         spawner.cpp
         VehicleAI.cpp
         Anim.cpp
         Anim_Blend.cpp
         Anim_Import.cpp
         Anim_Testmodel.cpp
         ClientAFEntity.cpp
         Generating Code...
         Compiling...
         ClientEffect.cpp
         ClientEntity.cpp
         ClientModel.cpp
         ClientMoveable.cpp
         Class.cpp
         DebugGraph.cpp
         Event.cpp
         SaveGame.cpp
         State.cpp
         SysCmds.cpp
         SysCvar.cpp
         Clip.cpp
         Force.cpp
         Force_Constant.cpp
         Force_Drag.cpp
         Force_Field.cpp
         Force_Spring.cpp
         Physics.cpp
         Physics_Actor.cpp
         Physics_AF.cpp
         Generating Code...
         Compiling...
         Physics_Base.cpp
         Physics_Monster.cpp
         Physics_Parametric.cpp
         Physics_Particle.cpp
         Physics_Player.cpp
         Physics_RigidBody.cpp
         Physics_Static.cpp
         Physics_StaticMulti.cpp
         Physics_VehicleMonster.cpp
         Push.cpp
         Player.cpp
         Player_States.cpp
         PlayerView.cpp
         Script_Compiler.cpp
         Script_Interpreter.cpp
         Script_Program.cpp
         Script_Thread.cpp
         ScriptFuncUtility.cpp
         Vehicle.cpp
         Vehicle_DropPod.cpp
         Generating Code...
     1>g:\tfquake\source\mpgame\script\script_compiler.cpp(347): warning C4702: unreachable code
     1>g:\tfquake\source\mpgame\script\script_compiler.cpp(1008): warning C4702: unreachable code
     1>g:\tfquake\source\mpgame\script\script_compiler.cpp(1302): warning C4702: unreachable code
     1>g:\tfquake\source\mpgame\script\script_compiler.cpp(1336): warning C4702: unreachable code
     1>g:\tfquake\source\mpgame\script\script_compiler.cpp(1347): warning C4702: unreachable code
     1>g:\tfquake\source\mpgame\script\script_compiler.cpp(1379): warning C4702: unreachable code
     1>g:\tfquake\source\idlib\math\curve.h(240): warning C4750: 'float __thiscall idCurve<class idVec3>::RombergIntegral(float,float,int)const ': function with _alloca() inlined into a loop
     1>g:\tfquake\source\idlib\math\curve.h(225): warning C4750: 'float __thiscall idCurve<class idVec3>::RombergIntegral(float,float,int)const ': function with _alloca() inlined into a loop
     1>g:\tfquake\source\idlib\math\curve.h(263): warning C4750: 'float __thiscall idCurve<class idVec3>::GetLengthBetweenKnots(int,int)const ': function with _alloca() inlined into a loop
     1>g:\tfquake\source\idlib\math\curve.h(285): warning C4750: 'float __thiscall idCurve<class idVec3>::RombergIntegral(float,float,int)const ': function with _alloca() inlined into a loop
         Compiling...
         Vehicle_Walker.cpp
         VehicleAnimated.cpp
         VehicleController.cpp
         VehicleDriver.cpp
         VehicleMonster.cpp
         VehicleParts.cpp
         VehiclePosition.cpp
         VehicleRigid.cpp
         VehicleSpline.cpp
         VehicleStatic.cpp
         Weapon.cpp
         WeaponBlaster.cpp
         WeaponDarkMatterGun.cpp
         WeaponGauntlet.cpp
         WeaponGrenadeLauncher.cpp
         WeaponHyperblaster.cpp
         WeaponLightningGun.cpp
         WeaponMachinegun.cpp
         WeaponNailgun.cpp
         WeaponNapalmGun.cpp
         Generating Code...
         Compiling...
         WeaponRailgun.cpp
         WeaponRocketLauncher.cpp
         WeaponShotgun.cpp
         Buying.cpp
         CTF.cpp
         GameState.cpp
         Tourney.cpp
         VoiceComms.cpp
         StatEvent.cpp
         StatManager.cpp
         StatWindow.cpp
         TFQuakeUtils.cpp
         Generating Code...
     1>Done Building Project "G:\TFQuake\source\mpgame.vcxproj" (rebuild target(s)) -- FAILED.

Build FAILED.

Time Elapsed 00:02:26.73
